<?xml version="1.0" encoding="UTF-8"?>
<testsuite xmlns:xsi="http://www.w3.org/2001/XMLSchema-instance" xsi:noNamespaceSchemaLocation="https://maven.apache.org/surefire/maven-surefire-plugin/xsd/surefire-test-report-3.0.xsd" version="3.0" name="com.example.library.service.LibraryServiceTest" time="2.088" tests="8" errors="0" skipped="0" failures="0">
  <properties>
[...]
</properties>
  <testcase name="testListTags_Success" classname="com.example.library.service.LibraryServiceTest" time="1.912"/>
  <testcase name="testListTags_BookNotFound" classname="com.example.library.service.LibraryServiceTest" time="0.013"/>
  <testcase name="testStats" classname="com.example.library.service.LibraryServiceTest" time="0.011"/>
  <testcase name="testListAll" classname="com.example.library.service.LibraryServiceTest" time="0.013"/>
  <testcase name="testRemoveTag_Success" classname="com.example.library.service.LibraryServiceTest" time="0.014"/>
  <testcase name="testDeleteBook_Success" classname="com.example.library.service.LibraryServiceTest" time="0.021"/>
  <testcase name="testDeleteBook_NotFound" classname="com.example.library.service.LibraryServiceTest" time="0.009"/>
  <testcase name="testRemoveTag_BookNotFound" classname="com.example.library.service.LibraryServiceTest" time="0.007"/>
</testsuite>